0 info it worked if it ends with ok
1 verbose cli [ 'D:\\nvm\\nodejs\\node.exe',
1 verbose cli   'D:\\nvm\\nodejs\\node_modules\\npm\\bin\\npm-cli.js',
1 verbose cli   'start' ]
2 info using npm@3.10.8
3 info using node@v7.0.0
4 verbose run-script [ 'prestart', 'start', 'poststart' ]
5 info lifecycle example@1.0.0~prestart: example@1.0.0
6 silly lifecycle example@1.0.0~prestart: no script for prestart, continuing
7 info lifecycle example@1.0.0~start: example@1.0.0
8 verbose lifecycle example@1.0.0~start: unsafe-perm in lifecycle true
9 verbose lifecycle example@1.0.0~start: PATH: D:\nvm\nvm\v7.0.0\node_modules\npm\bin\node-gyp-bin;D:\Study_sourse\Paper_design\react-visual-modeling\example\node_modules\.bin;D:\nvm\nvm\v7.0.0\node_modules\npm\bin\node-gyp-bin;D:\Study_sourse\Paper_design\react-visual-modeling\node_modules\.bin;C:\Python311\Scripts\;C:\Python311\;D:\cuda\development\bin;D:\cuda\development\libnvvp;D:\python\python3.10\Scripts;D:\python\python3.10;C:\Python310\Scripts\;C:\Python310\;D:\python\python3.9\Scripts;D:\python\python3.9;D:\python;C:\Users\君挚\AppData\Roaming\Python\Python39\Scripts;C:\Program Files\Common Files\Oracle\Java\javapath;C:\Program Files (x86)\Common Files\Oracle\Java\javapath;C:\Windows\system32;C:\Windows;C:\Windows\System32\Wbem;C:\Windows\System32\WindowsPowerShell\v1.0\;C:\Windows\System32\OpenSSH\;C:\Program Files (x86)\NVIDIA Corporation\PhysX\Common;C:\Program Files\NVIDIA Corporation\NVIDIA NGX;C:\Program Files\NVIDIA Corporation\NVIDIA NvDLISR;C:\WINDOWS\system32;C:\WINDOWS;C:\WINDOWS\System32\Wbem;C:\WINDOWS\System32\WindowsPowerShell\v1.0\;C:\WINDOWS\System32\OpenSSH\;D:\QT\Qt\5.15.2\msvc2019_64\bin;D:\putty\;D:\Git\Git\cmd;D:\java\jdk_11\jdk-11.0.12\bin;D:\VS\SHARE\Python37_64;D:\VS\SHARE\Python37_64\Scripts;D:\Android\Sdk\platform-tools;D:\Android\Sdk\tools;D:\Android\platform-tools;%Android%;D:\Android\Sdk\build-tools\31.0.0;c:\users\君挚\appdata\roaming\python\python39\site-packages;D:\latex\CTEX\CTeX\ctex\bin;D:\latex\CTEX\CTeX\cct\bin;D:\latex\CTEX\CTeX\ty\bin;D:\latex\CTEX\Ghostscript\gs9.05\bin;D:\latex\CTEX\GSview\gsview;D:\latex\CTEX\WinEdt;C:\ProgramData\chocolatey\bin;D:\xshell\Xftp 7\;D:\chromedirver;D:\maven\apache-maven-3.8.6\bin;C:\Users\君挚\AppData\Roaming\Python\Python310\Scripts;C:\Program Files\NVIDIA Corporation\Nsight Compute 2019.5.0\;D:\cuda\development\bin;D:\cuda\development\include;D:\cuda\development\lib;D:\cuda\development\libnvvp;D:\visual studio\Common7\IDE;D:\nvm\nvm;D:\nvm\nodejs;D:\VScode\Microsoft VS Code\bin;D:\datagrip\DataGrip 2022.1.2\bin;D:\nvm\nvm;D:\nvm\nodejs
10 verbose lifecycle example@1.0.0~start: CWD: D:\Study_sourse\Paper_design\react-visual-modeling\example
11 silly lifecycle example@1.0.0~start: Args: [ '/d /s /c', 'webpack-dev-server' ]
12 silly lifecycle example@1.0.0~start: Returned: code: 1  signal: null
13 info lifecycle example@1.0.0~start: Failed to exec start script
14 verbose stack Error: example@1.0.0 start: `webpack-dev-server`
14 verbose stack Exit status 1
14 verbose stack     at EventEmitter.<anonymous> (D:\nvm\nvm\v7.0.0\node_modules\npm\lib\utils\lifecycle.js:255:16)
14 verbose stack     at emitTwo (events.js:106:13)
14 verbose stack     at EventEmitter.emit (events.js:191:7)
14 verbose stack     at ChildProcess.<anonymous> (D:\nvm\nvm\v7.0.0\node_modules\npm\lib\utils\spawn.js:40:14)
14 verbose stack     at emitTwo (events.js:106:13)
14 verbose stack     at ChildProcess.emit (events.js:191:7)
14 verbose stack     at maybeClose (internal/child_process.js:877:16)
14 verbose stack     at Process.ChildProcess._handle.onexit (internal/child_process.js:226:5)
15 verbose pkgid example@1.0.0
16 verbose cwd D:\Study_sourse\Paper_design\react-visual-modeling\example
17 error Windows_NT 10.0.19044
18 error argv "D:\\nvm\\nodejs\\node.exe" "D:\\nvm\\nodejs\\node_modules\\npm\\bin\\npm-cli.js" "start"
19 error node v7.0.0
20 error npm  v3.10.8
21 error code ELIFECYCLE
22 error example@1.0.0 start: `webpack-dev-server`
22 error Exit status 1
23 error Failed at the example@1.0.0 start script 'webpack-dev-server'.
23 error Make sure you have the latest version of node.js and npm installed.
23 error If you do, this is most likely a problem with the example package,
23 error not with npm itself.
23 error Tell the author that this fails on your system:
23 error     webpack-dev-server
23 error You can get information on how to open an issue for this project with:
23 error     npm bugs example
23 error Or if that isn't available, you can get their info via:
23 error     npm owner ls example
23 error There is likely additional logging output above.
24 verbose exit [ 1, true ]
